2020-09-01 11:26:50.958  INFO 17772 --- [main] c.itnoob.ems_vue.EmsVueApplicationTests  : Starting EmsVueApplicationTests on PC with PID 17772 (started by zhoujun in E:\vue\ems_vue)
2020-09-01 11:26:50.971  INFO 17772 --- [main] c.itnoob.ems_vue.EmsVueApplicationTests  : No active profile set, falling back to default profiles: default
2020-09-01 11:26:52.228  INFO 17772 --- [main] .s.d.r.c.RepositoryConfigurationDelegate : Multiple Spring Data modules found, entering strict repository configuration mode!
2020-09-01 11:26:52.232  INFO 17772 --- [main] .s.d.r.c.RepositoryConfigurationDelegate : Bootstrapping Spring Data Redis repositories in DEFAULT mode.
2020-09-01 11:26:52.277  INFO 17772 --- [main] .s.d.r.c.RepositoryConfigurationDelegate : Finished Spring Data repository scanning in 13ms. Found 0 Redis repository interfaces.
2020-09-01 11:26:52.966  INFO 17772 --- [main] c.a.d.s.b.a.DruidDataSourceAutoConfigure : Init DruidDataSource
2020-09-01 11:26:53.307  INFO 17772 --- [main] com.alibaba.druid.pool.DruidDataSource   : {dataSource-1} inited
2020-09-01 11:26:54.274  INFO 17772 --- [main] o.s.s.concurrent.ThreadPoolTaskExecutor  : Initializing ExecutorService 'applicationTaskExecutor'
2020-09-01 11:26:55.204  INFO 17772 --- [main] c.itnoob.ems_vue.EmsVueApplicationTests  : Started EmsVueApplicationTests in 4.842 seconds (JVM running for 6.45)
2020-09-01 11:26:56.703  INFO 17772 --- [SpringContextShutdownHook] o.s.s.concurrent.ThreadPoolTaskExecutor  : Shutting down ExecutorService 'applicationTaskExecutor'
2020-09-01 11:26:56.705  INFO 17772 --- [SpringContextShutdownHook] com.alibaba.druid.pool.DruidDataSource   : {dataSource-1} closed
2020-09-01 11:59:10.212  INFO 28836 --- [restartedMain] com.itnoob.EmsVueApplication             : Starting EmsVueApplication on PC with PID 28836 (E:\vue\ems_vue\target\classes started by zhoujun in E:\vue\ems_vue)
2020-09-01 11:59:10.215  INFO 28836 --- [restartedMain] com.itnoob.EmsVueApplication             : No active profile set, falling back to default profiles: default
2020-09-01 11:59:10.266  INFO 28836 --- [restartedMain] .e.DevToolsPropertyDefaultsPostProcessor : Devtools property defaults active! Set 'spring.devtools.add-properties' to 'false' to disable
2020-09-01 11:59:10.266  INFO 28836 --- [restartedMain] .e.DevToolsPropertyDefaultsPostProcessor : For additional web related logging consider setting the 'logging.level.web' property to 'DEBUG'
2020-09-01 11:59:10.842  INFO 28836 --- [restartedMain] .s.d.r.c.RepositoryConfigurationDelegate : Multiple Spring Data modules found, entering strict repository configuration mode!
2020-09-01 11:59:10.843  INFO 28836 --- [restartedMain] .s.d.r.c.RepositoryConfigurationDelegate : Bootstrapping Spring Data Redis repositories in DEFAULT mode.
2020-09-01 11:59:10.861  INFO 28836 --- [restartedMain] .s.d.r.c.RepositoryConfigurationDelegate : Finished Spring Data repository scanning in 7ms. Found 0 Redis repository interfaces.
2020-09-01 11:59:11.363  INFO 28836 --- [restartedMain] o.s.b.w.embedded.tomcat.TomcatWebServer  : Tomcat initialized with port(s): 8080 (http)
2020-09-01 11:59:11.371  INFO 28836 --- [restartedMain] o.apache.catalina.core.StandardService   : Starting service [Tomcat]
2020-09-01 11:59:11.371  INFO 28836 --- [restartedMain] org.apache.catalina.core.StandardEngine  : Starting Servlet engine: [Apache Tomcat/9.0.37]
2020-09-01 11:59:11.434  INFO 28836 --- [restartedMain] o.a.c.c.C.[.[localhost].[/ems_vue]       : Initializing Spring embedded WebApplicationContext
2020-09-01 11:59:11.434  INFO 28836 --- [restartedMain] w.s.c.ServletWebServerApplicationContext : Root WebApplicationContext: initialization completed in 1168 ms
2020-09-01 11:59:11.507  INFO 28836 --- [restartedMain] c.a.d.s.b.a.DruidDataSourceAutoConfigure : Init DruidDataSource
2020-09-01 11:59:11.597  INFO 28836 --- [restartedMain] com.alibaba.druid.pool.DruidDataSource   : {dataSource-1} inited
2020-09-01 11:59:11.743  INFO 28836 --- [restartedMain] com.itnoob.cache.RedisCache              : 当前缓存的namespace:[{]
2020-09-01 11:59:11.965  INFO 28836 --- [restartedMain] o.s.s.concurrent.ThreadPoolTaskExecutor  : Initializing ExecutorService 'applicationTaskExecutor'
2020-09-01 11:59:12.407  INFO 28836 --- [restartedMain] o.s.b.d.a.OptionalLiveReloadServer       : LiveReload server is running on port 35729
2020-09-01 11:59:12.447  INFO 28836 --- [restartedMain] o.s.b.w.embedded.tomcat.TomcatWebServer  : Tomcat started on port(s): 8080 (http) with context path '/ems_vue'
2020-09-01 11:59:12.454  INFO 28836 --- [restartedMain] com.itnoob.EmsVueApplication             : Started EmsVueApplication in 2.636 seconds (JVM running for 3.487)
2020-09-01 12:00:11.599  INFO 27736 --- [restartedMain] com.itnoob.EmsVueApplication             : Starting EmsVueApplication on PC with PID 27736 (E:\vue\ems_vue\target\classes started by zhoujun in E:\vue\ems_vue)
2020-09-01 12:00:11.602  INFO 27736 --- [restartedMain] com.itnoob.EmsVueApplication             : No active profile set, falling back to default profiles: default
2020-09-01 12:00:11.650  INFO 27736 --- [restartedMain] .e.DevToolsPropertyDefaultsPostProcessor : Devtools property defaults active! Set 'spring.devtools.add-properties' to 'false' to disable
2020-09-01 12:00:11.650  INFO 27736 --- [restartedMain] .e.DevToolsPropertyDefaultsPostProcessor : For additional web related logging consider setting the 'logging.level.web' property to 'DEBUG'
2020-09-01 12:00:12.181  INFO 27736 --- [restartedMain] .s.d.r.c.RepositoryConfigurationDelegate : Multiple Spring Data modules found, entering strict repository configuration mode!
2020-09-01 12:00:12.183  INFO 27736 --- [restartedMain] .s.d.r.c.RepositoryConfigurationDelegate : Bootstrapping Spring Data Redis repositories in DEFAULT mode.
2020-09-01 12:00:12.199  INFO 27736 --- [restartedMain] .s.d.r.c.RepositoryConfigurationDelegate : Finished Spring Data repository scanning in 7ms. Found 0 Redis repository interfaces.
2020-09-01 12:00:12.574  INFO 27736 --- [restartedMain] o.s.b.w.embedded.tomcat.TomcatWebServer  : Tomcat initialized with port(s): 8080 (http)
2020-09-01 12:00:12.580  INFO 27736 --- [restartedMain] o.apache.catalina.core.StandardService   : Starting service [Tomcat]
2020-09-01 12:00:12.581  INFO 27736 --- [restartedMain] org.apache.catalina.core.StandardEngine  : Starting Servlet engine: [Apache Tomcat/9.0.37]
2020-09-01 12:00:12.638  INFO 27736 --- [restartedMain] o.a.c.c.C.[.[localhost].[/ems_vue]       : Initializing Spring embedded WebApplicationContext
2020-09-01 12:00:12.638  INFO 27736 --- [restartedMain] w.s.c.ServletWebServerApplicationContext : Root WebApplicationContext: initialization completed in 988 ms
2020-09-01 12:00:12.699  INFO 27736 --- [restartedMain] c.a.d.s.b.a.DruidDataSourceAutoConfigure : Init DruidDataSource
2020-09-01 12:00:12.785  INFO 27736 --- [restartedMain] com.alibaba.druid.pool.DruidDataSource   : {dataSource-1} inited
2020-09-01 12:00:12.928  INFO 27736 --- [restartedMain] com.itnoob.cache.RedisCache              : 当前缓存的namespace:[com.itnoob.dao.EmpDao]
2020-09-01 12:00:13.100  INFO 27736 --- [restartedMain] o.s.s.concurrent.ThreadPoolTaskExecutor  : Initializing ExecutorService 'applicationTaskExecutor'
2020-09-01 12:00:13.433  INFO 27736 --- [restartedMain] o.s.b.d.a.OptionalLiveReloadServer       : LiveReload server is running on port 35729
2020-09-01 12:00:13.468  INFO 27736 --- [restartedMain] o.s.b.w.embedded.tomcat.TomcatWebServer  : Tomcat started on port(s): 8080 (http) with context path '/ems_vue'
2020-09-01 12:00:13.476  INFO 27736 --- [restartedMain] com.itnoob.EmsVueApplication             : Started EmsVueApplication in 2.242 seconds (JVM running for 3.026)
2020-09-01 12:02:32.324  INFO 21140 --- [restartedMain] com.itnoob.EmsVueApplication             : Starting EmsVueApplication on PC with PID 21140 (E:\vue\ems_vue\target\classes started by zhoujun in E:\vue\ems_vue)
2020-09-01 12:02:32.327  INFO 21140 --- [restartedMain] com.itnoob.EmsVueApplication             : No active profile set, falling back to default profiles: default
2020-09-01 12:02:32.371  INFO 21140 --- [restartedMain] .e.DevToolsPropertyDefaultsPostProcessor : Devtools property defaults active! Set 'spring.devtools.add-properties' to 'false' to disable
2020-09-01 12:02:32.371  INFO 21140 --- [restartedMain] .e.DevToolsPropertyDefaultsPostProcessor : For additional web related logging consider setting the 'logging.level.web' property to 'DEBUG'
2020-09-01 12:02:32.921  INFO 21140 --- [restartedMain] .s.d.r.c.RepositoryConfigurationDelegate : Multiple Spring Data modules found, entering strict repository configuration mode!
2020-09-01 12:02:32.923  INFO 21140 --- [restartedMain] .s.d.r.c.RepositoryConfigurationDelegate : Bootstrapping Spring Data Redis repositories in DEFAULT mode.
2020-09-01 12:02:32.942  INFO 21140 --- [restartedMain] .s.d.r.c.RepositoryConfigurationDelegate : Finished Spring Data repository scanning in 8ms. Found 0 Redis repository interfaces.
2020-09-01 12:02:33.321  INFO 21140 --- [restartedMain] o.s.b.w.embedded.tomcat.TomcatWebServer  : Tomcat initialized with port(s): 8080 (http)
2020-09-01 12:02:33.327  INFO 21140 --- [restartedMain] o.apache.catalina.core.StandardService   : Starting service [Tomcat]
2020-09-01 12:02:33.328  INFO 21140 --- [restartedMain] org.apache.catalina.core.StandardEngine  : Starting Servlet engine: [Apache Tomcat/9.0.37]
2020-09-01 12:02:33.382  INFO 21140 --- [restartedMain] o.a.c.c.C.[.[localhost].[/ems_vue]       : Initializing Spring embedded WebApplicationContext
2020-09-01 12:02:33.383  INFO 21140 --- [restartedMain] w.s.c.ServletWebServerApplicationContext : Root WebApplicationContext: initialization completed in 1012 ms
2020-09-01 12:02:33.443  INFO 21140 --- [restartedMain] c.a.d.s.b.a.DruidDataSourceAutoConfigure : Init DruidDataSource
2020-09-01 12:02:33.527  INFO 21140 --- [restartedMain] com.alibaba.druid.pool.DruidDataSource   : {dataSource-1} inited
2020-09-01 12:02:33.671  INFO 21140 --- [restartedMain] com.itnoob.cache.RedisCache              : 当前缓存的namespace:[com.itnoob.dao.EmpDao]
2020-09-01 12:02:33.848  INFO 21140 --- [restartedMain] o.s.s.concurrent.ThreadPoolTaskExecutor  : Initializing ExecutorService 'applicationTaskExecutor'
2020-09-01 12:02:34.180  INFO 21140 --- [restartedMain] o.s.b.d.a.OptionalLiveReloadServer       : LiveReload server is running on port 35729
2020-09-01 12:02:34.212  INFO 21140 --- [restartedMain] o.s.b.w.embedded.tomcat.TomcatWebServer  : Tomcat started on port(s): 8080 (http) with context path '/ems_vue'
2020-09-01 12:02:34.220  INFO 21140 --- [restartedMain] com.itnoob.EmsVueApplication             : Started EmsVueApplication in 2.257 seconds (JVM running for 3.032)
